[debug] [2024-12-18T10:58:33.571Z] ----------------------------------------------------------------------
[debug] [2024-12-18T10:58:33.574Z] Command:       C:\Program Files\nodejs\node.exe C:\Users\anmol\AppData\Roaming\npm\node_modules\firebase-tools\lib\bin\firebase.js login
[debug] [2024-12-18T10:58:33.574Z] CLI Version:   13.29.1
[debug] [2024-12-18T10:58:33.574Z] Platform:      win32
[debug] [2024-12-18T10:58:33.574Z] Node Version:  v22.11.0
[debug] [2024-12-18T10:58:33.574Z] Time:          Wed Dec 18 2024 16:43:33 GMT+0545 (Nepal Time)
[debug] [2024-12-18T10:58:33.575Z] ----------------------------------------------------------------------
[debug] 
[info] i  Firebase optionally collects CLI and Emulator Suite usage and error reporting information to help improve our products. Data is collected in accordance with Google's privacy policy (https://policies.google.com/privacy) and is not used to identify you.
 
[info] i  To change your data collection preference at any time, run `firebase logout` and log in again. 
[info] 
[info] Visit this URL on this device to log in:
[info] https://accounts.google.com/o/oauth2/auth?client_id=563584335869-fgrhgmd47bqnekij5i8b5pr03ho849e6.apps.googleusercontent.com&scope=email%20openid%20https%3A%2F%2Fwww.googleapis.com%2Fauth%2Fcloudplatformprojects.readonly%20https%3A%2F%2Fwww.googleapis.com%2Fauth%2Ffirebase%20https%3A%2F%2Fwww.googleapis.com%2Fauth%2Fcloud-platform&response_type=code&state=666739574&redirect_uri=http%3A%2F%2Flocalhost%3A9005
[info] 
[info] Waiting for authentication...
[debug] [2024-12-18T10:58:51.249Z] Error: spawn cmd ENOENT
    at ChildProcess._handle.onexit (node:internal/child_process:285:19)
    at onErrorNT (node:internal/child_process:483:16)
    at process.processTicksAndRejections (node:internal/process/task_queues:90:21)
[error] 
[error] Error: An unexpected error has occurred.
